construct ok.
alloc 65 pages-----
ID    Usage[0]
 0    01/32[0000000000000000000000000000000#]
ID    Usage[1]
 0    02/32[000000000000000000000000000000##]
ID    Usage[2]
 0    03/32[00000000000000000000000000000###]
ID    Usage[3]
 0    04/32[0000000000000000000000000000####]
ID    Usage[4]
 0    05/32[000000000000000000000000000#####]
ID    Usage[5]
 0    06/32[00000000000000000000000000######]
ID    Usage[6]
 0    07/32[0000000000000000000000000#######]
ID    Usage[7]
 0    08/32[000000000000000000000000########]
ID    Usage[8]
 0    09/32[00000000000000000000000#########]
ID    Usage[9]
 0    10/32[0000000000000000000000##########]
ID    Usage[10]
 0    11/32[000000000000000000000###########]
ID    Usage[11]
 0    12/32[00000000000000000000############]
ID    Usage[12]
 0    13/32[0000000000000000000#############]
ID    Usage[13]
 0    14/32[000000000000000000##############]
ID    Usage[14]
 0    15/32[00000000000000000###############]
ID    Usage[15]
 0    16/32[0000000000000000################]
ID    Usage[16]
 0    17/32[000000000000000#################]
ID    Usage[17]
 0    18/32[00000000000000##################]
ID    Usage[18]
 0    19/32[0000000000000###################]
ID    Usage[19]
 0    20/32[000000000000####################]
ID    Usage[20]
 0    21/32[00000000000#####################]
ID    Usage[21]
 0    22/32[0000000000######################]
ID    Usage[22]
 0    23/32[000000000#######################]
ID    Usage[23]
 0    24/32[00000000########################]
ID    Usage[24]
 0    25/32[0000000#########################]
ID    Usage[25]
 0    26/32[000000##########################]
ID    Usage[26]
 0    27/32[00000###########################]
ID    Usage[27]
 0    28/32[0000############################]
ID    Usage[28]
 0    29/32[000#############################]
ID    Usage[29]
 0    30/32[00##############################]
ID    Usage[30]
 0    31/32[0###############################]
ID    Usage[31]
 0    32/32[################################]
ID    Usage[32]
 1    01/32[0000000000000000000000000000000#]
 0    32/32[################################]
ID    Usage[33]
 1    02/32[000000000000000000000000000000##]
 0    32/32[################################]
ID    Usage[34]
 1    03/32[00000000000000000000000000000###]
 0    32/32[################################]
ID    Usage[35]
 1    04/32[0000000000000000000000000000####]
 0    32/32[################################]
ID    Usage[36]
 1    05/32[000000000000000000000000000#####]
 0    32/32[################################]
ID    Usage[37]
 1    06/32[00000000000000000000000000######]
 0    32/32[################################]
ID    Usage[38]
 1    07/32[0000000000000000000000000#######]
 0    32/32[################################]
ID    Usage[39]
 1    08/32[000000000000000000000000########]
 0    32/32[################################]
ID    Usage[40]
 1    09/32[00000000000000000000000#########]
 0    32/32[################################]
ID    Usage[41]
 1    10/32[0000000000000000000000##########]
 0    32/32[################################]
ID    Usage[42]
 1    11/32[000000000000000000000###########]
 0    32/32[################################]
ID    Usage[43]
 1    12/32[00000000000000000000############]
 0    32/32[################################]
ID    Usage[44]
 1    13/32[0000000000000000000#############]
 0    32/32[################################]
ID    Usage[45]
 1    14/32[000000000000000000##############]
 0    32/32[################################]
ID    Usage[46]
 1    15/32[00000000000000000###############]
 0    32/32[################################]
ID    Usage[47]
 1    16/32[0000000000000000################]
 0    32/32[################################]
ID    Usage[48]
 1    17/32[000000000000000#################]
 0    32/32[################################]
ID    Usage[49]
 1    18/32[00000000000000##################]
 0    32/32[################################]
ID    Usage[50]
 1    19/32[0000000000000###################]
 0    32/32[################################]
ID    Usage[51]
 1    20/32[000000000000####################]
 0    32/32[################################]
ID    Usage[52]
 1    21/32[00000000000#####################]
 0    32/32[################################]
ID    Usage[53]
 1    22/32[0000000000######################]
 0    32/32[################################]
ID    Usage[54]
 1    23/32[000000000#######################]
 0    32/32[################################]
ID    Usage[55]
 1    24/32[00000000########################]
 0    32/32[################################]
ID    Usage[56]
 1    25/32[0000000#########################]
 0    32/32[################################]
ID    Usage[57]
 1    26/32[000000##########################]
 0    32/32[################################]
ID    Usage[58]
 1    27/32[00000###########################]
 0    32/32[################################]
ID    Usage[59]
 1    28/32[0000############################]
 0    32/32[################################]
ID    Usage[60]
 1    29/32[000#############################]
 0    32/32[################################]
ID    Usage[61]
 1    30/32[00##############################]
 0    32/32[################################]
ID    Usage[62]
 1    31/32[0###############################]
 0    32/32[################################]
ID    Usage[63]
 0    32/32[################################]
 1    32/32[################################]
ID    Usage[64]
 2    01/32[0000000000000000000000000000000#]
 1    32/32[################################]
 0    32/32[################################]
dealloc 65 pages-----
ID    Usage[0]
 2    01/32[0000000000000000000000000000000#]
 0    31/32[###############################0]
 1    32/32[################################]
ID    Usage[1]
 2    01/32[0000000000000000000000000000000#]
 0    30/32[##############################00]
 1    32/32[################################]
ID    Usage[2]
 2    01/32[0000000000000000000000000000000#]
 0    29/32[#############################000]
 1    32/32[################################]
ID    Usage[3]
 2    01/32[0000000000000000000000000000000#]
 0    28/32[############################0000]
 1    32/32[################################]
ID    Usage[4]
 2    01/32[0000000000000000000000000000000#]
 0    27/32[###########################00000]
 1    32/32[################################]
ID    Usage[5]
 2    01/32[0000000000000000000000000000000#]
 0    26/32[##########################000000]
 1    32/32[################################]
ID    Usage[6]
 2    01/32[0000000000000000000000000000000#]
 0    25/32[#########################0000000]
 1    32/32[################################]
ID    Usage[7]
 2    01/32[0000000000000000000000000000000#]
 0    24/32[########################00000000]
 1    32/32[################################]
ID    Usage[8]
 2    01/32[0000000000000000000000000000000#]
 0    23/32[#######################000000000]
 1    32/32[################################]
ID    Usage[9]
 2    01/32[0000000000000000000000000000000#]
 0    22/32[######################0000000000]
 1    32/32[################################]
ID    Usage[10]
 2    01/32[0000000000000000000000000000000#]
 0    21/32[#####################00000000000]
 1    32/32[################################]
ID    Usage[11]
 2    01/32[0000000000000000000000000000000#]
 0    20/32[####################000000000000]
 1    32/32[################################]
ID    Usage[12]
 2    01/32[0000000000000000000000000000000#]
 0    19/32[###################0000000000000]
 1    32/32[################################]
ID    Usage[13]
 2    01/32[0000000000000000000000000000000#]
 0    18/32[##################00000000000000]
 1    32/32[################################]
ID    Usage[14]
 2    01/32[0000000000000000000000000000000#]
 0    17/32[#################000000000000000]
 1    32/32[################################]
ID    Usage[15]
 2    01/32[0000000000000000000000000000000#]
 0    16/32[################0000000000000000]
 1    32/32[################################]
ID    Usage[16]
 2    01/32[0000000000000000000000000000000#]
 0    15/32[###############00000000000000000]
 1    32/32[################################]
ID    Usage[17]
 2    01/32[0000000000000000000000000000000#]
 0    14/32[##############000000000000000000]
 1    32/32[################################]
ID    Usage[18]
 2    01/32[0000000000000000000000000000000#]
 0    13/32[#############0000000000000000000]
 1    32/32[################################]
ID    Usage[19]
 2    01/32[0000000000000000000000000000000#]
 0    12/32[############00000000000000000000]
 1    32/32[################################]
ID    Usage[20]
 2    01/32[0000000000000000000000000000000#]
 0    11/32[###########000000000000000000000]
 1    32/32[################################]
ID    Usage[21]
 2    01/32[0000000000000000000000000000000#]
 0    10/32[##########0000000000000000000000]
 1    32/32[################################]
ID    Usage[22]
 2    01/32[0000000000000000000000000000000#]
 0    09/32[#########00000000000000000000000]
 1    32/32[################################]
ID    Usage[23]
 2    01/32[0000000000000000000000000000000#]
 0    08/32[########000000000000000000000000]
 1    32/32[################################]
ID    Usage[24]
 2    01/32[0000000000000000000000000000000#]
 0    07/32[#######0000000000000000000000000]
 1    32/32[################################]
ID    Usage[25]
 2    01/32[0000000000000000000000000000000#]
 0    06/32[######00000000000000000000000000]
 1    32/32[################################]
ID    Usage[26]
 2    01/32[0000000000000000000000000000000#]
 0    05/32[#####000000000000000000000000000]
 1    32/32[################################]
ID    Usage[27]
 2    01/32[0000000000000000000000000000000#]
 0    04/32[####0000000000000000000000000000]
 1    32/32[################################]
ID    Usage[28]
 2    01/32[0000000000000000000000000000000#]
 0    03/32[###00000000000000000000000000000]
 1    32/32[################################]
ID    Usage[29]
 2    01/32[0000000000000000000000000000000#]
 0    02/32[##000000000000000000000000000000]
 1    32/32[################################]
ID    Usage[30]
 0    01/32[#0000000000000000000000000000000]
 2    01/32[0000000000000000000000000000000#]
 1    32/32[################################]
ID    Usage[31]
 0    00/32[00000000000000000000000000000000]
 2    01/32[0000000000000000000000000000000#]
 1    32/32[################################]
ID    Usage[32]
 0    00/32[00000000000000000000000000000000]
 2    01/32[0000000000000000000000000000000#]
 1    31/32[###############################0]
ID    Usage[33]
 0    00/32[00000000000000000000000000000000]
 2    01/32[0000000000000000000000000000000#]
 1    30/32[##############################00]
ID    Usage[34]
 0    00/32[00000000000000000000000000000000]
 2    01/32[0000000000000000000000000000000#]
 1    29/32[#############################000]
ID    Usage[35]
 0    00/32[00000000000000000000000000000000]
 2    01/32[0000000000000000000000000000000#]
 1    28/32[############################0000]
ID    Usage[36]
 0    00/32[00000000000000000000000000000000]
 2    01/32[0000000000000000000000000000000#]
 1    27/32[###########################00000]
ID    Usage[37]
 0    00/32[00000000000000000000000000000000]
 2    01/32[0000000000000000000000000000000#]
 1    26/32[##########################000000]
ID    Usage[38]
 0    00/32[00000000000000000000000000000000]
 2    01/32[0000000000000000000000000000000#]
 1    25/32[#########################0000000]
ID    Usage[39]
 0    00/32[00000000000000000000000000000000]
 2    01/32[0000000000000000000000000000000#]
 1    24/32[########################00000000]
ID    Usage[40]
 0    00/32[00000000000000000000000000000000]
 2    01/32[0000000000000000000000000000000#]
 1    23/32[#######################000000000]
ID    Usage[41]
 0    00/32[00000000000000000000000000000000]
 2    01/32[0000000000000000000000000000000#]
 1    22/32[######################0000000000]
ID    Usage[42]
 0    00/32[00000000000000000000000000000000]
 2    01/32[0000000000000000000000000000000#]
 1    21/32[#####################00000000000]
ID    Usage[43]
 0    00/32[00000000000000000000000000000000]
 2    01/32[0000000000000000000000000000000#]
 1    20/32[####################000000000000]
ID    Usage[44]
 0    00/32[00000000000000000000000000000000]
 2    01/32[0000000000000000000000000000000#]
 1    19/32[###################0000000000000]
ID    Usage[45]
 0    00/32[00000000000000000000000000000000]
 2    01/32[0000000000000000000000000000000#]
 1    18/32[##################00000000000000]
ID    Usage[46]
 0    00/32[00000000000000000000000000000000]
 2    01/32[0000000000000000000000000000000#]
 1    17/32[#################000000000000000]
ID    Usage[47]
 0    00/32[00000000000000000000000000000000]
 2    01/32[0000000000000000000000000000000#]
 1    16/32[################0000000000000000]
ID    Usage[48]
 0    00/32[00000000000000000000000000000000]
 2    01/32[0000000000000000000000000000000#]
 1    15/32[###############00000000000000000]
ID    Usage[49]
 0    00/32[00000000000000000000000000000000]
 2    01/32[0000000000000000000000000000000#]
 1    14/32[##############000000000000000000]
ID    Usage[50]
 0    00/32[00000000000000000000000000000000]
 2    01/32[0000000000000000000000000000000#]
 1    13/32[#############0000000000000000000]
ID    Usage[51]
 0    00/32[00000000000000000000000000000000]
 2    01/32[0000000000000000000000000000000#]
 1    12/32[############00000000000000000000]
ID    Usage[52]
 0    00/32[00000000000000000000000000000000]
 2    01/32[0000000000000000000000000000000#]
 1    11/32[###########000000000000000000000]
ID    Usage[53]
 0    00/32[00000000000000000000000000000000]
 2    01/32[0000000000000000000000000000000#]
 1    10/32[##########0000000000000000000000]
ID    Usage[54]
 0    00/32[00000000000000000000000000000000]
 2    01/32[0000000000000000000000000000000#]
 1    09/32[#########00000000000000000000000]
ID    Usage[55]
 0    00/32[00000000000000000000000000000000]
 2    01/32[0000000000000000000000000000000#]
 1    08/32[########000000000000000000000000]
ID    Usage[56]
 0    00/32[00000000000000000000000000000000]
 2    01/32[0000000000000000000000000000000#]
 1    07/32[#######0000000000000000000000000]
ID    Usage[57]
 0    00/32[00000000000000000000000000000000]
 2    01/32[0000000000000000000000000000000#]
 1    06/32[######00000000000000000000000000]
ID    Usage[58]
 0    00/32[00000000000000000000000000000000]
 2    01/32[0000000000000000000000000000000#]
 1    05/32[#####000000000000000000000000000]
ID    Usage[59]
 0    00/32[00000000000000000000000000000000]
 2    01/32[0000000000000000000000000000000#]
 1    04/32[####0000000000000000000000000000]
ID    Usage[60]
 0    00/32[00000000000000000000000000000000]
 2    01/32[0000000000000000000000000000000#]
 1    03/32[###00000000000000000000000000000]
ID    Usage[61]
 0    00/32[00000000000000000000000000000000]
 2    01/32[0000000000000000000000000000000#]
 1    02/32[##000000000000000000000000000000]
ID    Usage[62]
 0    00/32[00000000000000000000000000000000]
 2    01/32[0000000000000000000000000000000#]
 1    01/32[#0000000000000000000000000000000]
ID    Usage[63]
 1    00/32[00000000000000000000000000000000]
 0    00/32[00000000000000000000000000000000]
 2    01/32[0000000000000000000000000000000#]
ID    Usage[64]
 2    00/32[00000000000000000000000000000000]
 0    00/32[00000000000000000000000000000000]
 1    00/32[00000000000000000000000000000000]
